2024-12-09 22:58:43.818 [main] INFO  com.rs.mv.mvvs.Startup - [LSP:100101]ROCKET MV BASIC EXTENSION to start
2024-12-09 22:58:43.848 [main] INFO  com.rs.mv.mvvs.lsp.server.BasicLanguageServerLauncher - [LSP:100102]start pip server
2024-12-09 22:58:43.969 [main] INFO  com.rs.mv.mvvs.lsp.server.BasicLanguageServerLauncher - [LSP:100103]ROCKET MV BASIC EXTENSION start successful
2024-12-09 22:58:44.049 [pool-3-thread-1] INFO  com.rs.mv.mvvs.instance.workspace.WorkspaceManager - [workspace:200101]load all workspace folders start
2024-12-09 22:58:44.050 [pool-3-thread-1] INFO  com.rs.mv.mvvs.instance.workspace.WorkspaceManager - [workspace:20010201]root uri: file:///c%3A/Users/castr/OneDrive/Documentos/GitHub/html-portfolio
2024-12-09 22:58:44.051 [pool-3-thread-1] INFO  com.rs.mv.mvvs.instance.workspace.handler.FolderHandler - [workspace:200103]workspace contains workspace folder: file:///c%3A/Users/castr/OneDrive/Documentos/GitHub/html-portfolio
2024-12-09 22:58:44.075 [pool-3-thread-1] INFO  com.rs.mv.mvvs.instance.workspace.handler.FolderHandler - [workspace:200104]workspace folder will be cached: file:///c%3A/Users/castr/OneDrive/Documentos/GitHub/html-portfolio
2024-12-09 22:58:44.077 [pool-3-thread-1] INFO  com.rs.mv.mvvs.rmv.config.Config - [framework:30010101]config load start
2024-12-09 22:58:44.078 [pool-3-thread-1] INFO  com.rs.mv.mvvs.rmv.config.Config - [framework:30010102]project config path is : C:/Users/castr/OneDrive/Documentos/GitHub/html-portfolio/.rmv/config
2024-12-09 22:58:44.079 [pool-3-thread-1] INFO  com.rs.mv.mvvs.rmv.config.Config - [framework:30010103]resource config path is : /
2024-12-09 22:58:44.080 [pool-3-thread-1] INFO  com.rs.mv.mvvs.rmv.config.Config - [framework:30010104]user config path is : C:/Users/castr
2024-12-09 22:58:44.097 [pool-3-thread-1] INFO  com.rs.mv.mvvs.rmv.config.Config - [framework:30010105]config load end
2024-12-09 22:58:44.099 [pool-3-thread-1] INFO  com.rs.mv.mvvs.rmv.documentation.BasicDocumentation - [framework:30020101]documentation load start
2024-12-09 22:58:44.100 [pool-3-thread-1] INFO  com.rs.mv.mvvs.rmv.documentation.reader.SystemDocReader - [framework:30020102]system documentation path: /documentation/UNIVERSE/
2024-12-09 22:58:44.103 [pool-3-thread-1] INFO  com.rs.mv.mvvs.rmv.documentation.reader.ProjectDocReader - [framework:30020103]project documentation brief file: C:\Users\castr\OneDrive\Documentos\GitHub\html-portfolio\.rmv\documentation\UNIVERSE\custom.json
2024-12-09 22:58:44.105 [pool-3-thread-1] INFO  com.rs.mv.mvvs.rmv.documentation.reader.UserDocReader - [framework:30020104]user documentation brief file: C:\Users\castr\documentation\UNIVERSE\custom.json
2024-12-09 22:58:44.203 [pool-3-thread-1] INFO  com.rs.mv.mvvs.rmv.documentation.BasicDocumentation - [framework:30020105]documentation load end
2024-12-09 22:58:44.214 [pool-3-thread-1] INFO  com.rs.mv.mvvs.common.convertor.ConvertorManager - [framework:30030101]convertors for folder(C:/Users/castr/OneDrive/Documentos/GitHub/html-portfolio) load start
2024-12-09 22:58:44.223 [pool-3-thread-1] INFO  com.rs.mv.mvvs.common.convertor.ConvertorManager - [framework:30030102]comment convertor load finish
2024-12-09 22:58:44.466 [pool-3-thread-1] INFO  com.rs.mv.mvvs.common.convertor.ConvertorManager - [framework:30030103]keyword convertor load finish
2024-12-09 22:58:44.470 [pool-3-thread-1] INFO  com.rs.mv.mvvs.common.convertor.ConvertorManager - [framework:30030104]operator convertor load finish
2024-12-09 22:58:44.471 [pool-3-thread-1] INFO  com.rs.mv.mvvs.common.convertor.ConvertorManager - [framework:30030105]function name convertor load finish
2024-12-09 22:58:44.471 [pool-3-thread-1] INFO  com.rs.mv.mvvs.common.convertor.ConvertorManager - [framework:30030106]atVariable convertor load finish
2024-12-09 22:58:44.471 [pool-3-thread-1] INFO  com.rs.mv.mvvs.common.convertor.ConvertorManager - [framework:30030107]convertors for folder(C:/Users/castr/OneDrive/Documentos/GitHub/html-portfolio) load end
2024-12-09 22:58:44.473 [pool-3-thread-1] INFO  com.rs.mv.mvvs.rmv.config.CapabilityConfig - [framework:30010301]capabilities file(C:/Users/castr/OneDrive/Documentos/GitHub/html-portfolio/config/capability) doesn't exist or read error, default config will take effect
2024-12-09 22:58:44.473 [pool-3-thread-1] INFO  com.rs.mv.mvvs.instance.workspace.WorkspaceManager - [workspace:200105]load all workspace folders successful
2024-12-09 22:58:44.476 [pool-3-thread-1] INFO  com.rs.mv.mvvs.client.account.AccountManager - [client:40010101]load account manager start
2024-12-09 22:58:44.495 [pool-3-thread-1] INFO  com.rs.mv.mvvs.client.account.handler.CacheAccountHandler - [client:40010102]load cache account: 
2024-12-09 22:58:44.498 [pool-3-thread-1] INFO  com.rs.mv.mvvs.client.account.handler.ExternalAccountHandler - [client:40010103]load external account: 
2024-12-09 22:58:44.683 [pool-3-thread-1] INFO  com.rs.mv.mvvs.client.catalog.manager.U2CatalogManager - [client:400203]cache file auto update thread launch in html-portfolio account
2024-12-09 22:58:44.691 [pool-3-thread-1] INFO  com.rs.mv.mvvs.client.catalog.from.config.DirsConfigReader - [client:400206]parse dir config information
2024-12-09 22:58:44.695 [pool-3-thread-1] INFO  com.rs.mv.mvvs.client.catalog.from.config.MappingConfigReader - [client:400207]parse mapping config information
2024-12-09 22:58:44.698 [pool-3-thread-1] INFO  com.rs.mv.mvvs.client.catalog.manager.U2CatalogManager - [client:400202]start a schedule task to get global/local catalog for html-portfolio, its period 5s 
2024-12-09 22:58:44.699 [pool-3-thread-1] INFO  com.rs.mv.mvvs.client.catalog.manager.U2CatalogManager - [client:400203]cache file auto update thread launch in .git account
2024-12-09 22:58:44.699 [pool-3-thread-1] INFO  com.rs.mv.mvvs.client.catalog.from.config.DirsConfigReader - [client:400206]parse dir config information
2024-12-09 22:58:44.699 [pool-3-thread-1] INFO  com.rs.mv.mvvs.client.catalog.from.config.MappingConfigReader - [client:400207]parse mapping config information
2024-12-09 22:58:44.700 [pool-3-thread-1] INFO  com.rs.mv.mvvs.client.catalog.manager.U2CatalogManager - [client:400202]start a schedule task to get global/local catalog for .git, its period 5s 
2024-12-09 22:58:44.702 [pool-3-thread-1] INFO  com.rs.mv.mvvs.client.catalog.manager.U2CatalogManager - [client:400203]cache file auto update thread launch in logs account
2024-12-09 22:58:44.702 [pool-3-thread-1] INFO  com.rs.mv.mvvs.client.catalog.from.config.DirsConfigReader - [client:400206]parse dir config information
2024-12-09 22:58:44.702 [pool-3-thread-1] INFO  com.rs.mv.mvvs.client.catalog.from.config.MappingConfigReader - [client:400207]parse mapping config information
2024-12-09 22:58:44.703 [pool-3-thread-1] INFO  com.rs.mv.mvvs.client.catalog.manager.U2CatalogManager - [client:400202]start a schedule task to get global/local catalog for logs, its period 5s 
2024-12-09 22:58:44.704 [pool-3-thread-1] INFO  com.rs.mv.mvvs.client.catalog.manager.U2CatalogManager - [client:400203]cache file auto update thread launch in refs account
2024-12-09 22:58:44.704 [pool-3-thread-1] INFO  com.rs.mv.mvvs.client.catalog.from.config.DirsConfigReader - [client:400206]parse dir config information
2024-12-09 22:58:44.705 [pool-3-thread-1] INFO  com.rs.mv.mvvs.client.catalog.from.config.MappingConfigReader - [client:400207]parse mapping config information
2024-12-09 22:58:44.706 [pool-3-thread-1] INFO  com.rs.mv.mvvs.client.catalog.manager.U2CatalogManager - [client:400202]start a schedule task to get global/local catalog for refs, its period 5s 
2024-12-09 22:58:44.707 [pool-3-thread-1] INFO  com.rs.mv.mvvs.client.catalog.manager.U2CatalogManager - [client:400203]cache file auto update thread launch in remotes account
2024-12-09 22:58:44.707 [pool-3-thread-1] INFO  com.rs.mv.mvvs.client.catalog.from.config.DirsConfigReader - [client:400206]parse dir config information
2024-12-09 22:58:44.708 [pool-3-thread-1] INFO  com.rs.mv.mvvs.client.catalog.from.config.MappingConfigReader - [client:400207]parse mapping config information
2024-12-09 22:58:44.708 [pool-3-thread-1] INFO  com.rs.mv.mvvs.client.catalog.manager.U2CatalogManager - [client:400202]start a schedule task to get global/local catalog for remotes, its period 5s 
2024-12-09 22:58:44.709 [pool-3-thread-1] INFO  com.rs.mv.mvvs.client.catalog.manager.U2CatalogManager - [client:400203]cache file auto update thread launch in objects account
2024-12-09 22:58:44.710 [pool-3-thread-1] INFO  com.rs.mv.mvvs.client.catalog.from.config.DirsConfigReader - [client:400206]parse dir config information
2024-12-09 22:58:44.711 [pool-3-thread-1] INFO  com.rs.mv.mvvs.client.catalog.from.config.MappingConfigReader - [client:400207]parse mapping config information
2024-12-09 22:58:44.712 [pool-3-thread-1] INFO  com.rs.mv.mvvs.client.catalog.manager.U2CatalogManager - [client:400202]start a schedule task to get global/local catalog for objects, its period 5s 
2024-12-09 22:58:44.714 [pool-3-thread-1] INFO  com.rs.mv.mvvs.client.catalog.manager.U2CatalogManager - [client:400203]cache file auto update thread launch in refs account
2024-12-09 22:58:44.714 [pool-3-thread-1] INFO  com.rs.mv.mvvs.client.catalog.from.config.DirsConfigReader - [client:400206]parse dir config information
2024-12-09 22:58:44.716 [pool-3-thread-1] INFO  com.rs.mv.mvvs.client.catalog.from.config.MappingConfigReader - [client:400207]parse mapping config information
2024-12-09 22:58:44.717 [pool-3-thread-1] INFO  com.rs.mv.mvvs.client.catalog.manager.U2CatalogManager - [client:400202]start a schedule task to get global/local catalog for refs, its period 5s 
2024-12-09 22:58:44.718 [pool-3-thread-1] INFO  com.rs.mv.mvvs.client.catalog.manager.U2CatalogManager - [client:400203]cache file auto update thread launch in remotes account
2024-12-09 22:58:44.719 [pool-3-thread-1] INFO  com.rs.mv.mvvs.client.catalog.from.config.DirsConfigReader - [client:400206]parse dir config information
2024-12-09 22:58:44.719 [pool-3-thread-1] INFO  com.rs.mv.mvvs.client.catalog.from.config.MappingConfigReader - [client:400207]parse mapping config information
2024-12-09 22:58:44.720 [pool-3-thread-1] INFO  com.rs.mv.mvvs.client.catalog.manager.U2CatalogManager - [client:400202]start a schedule task to get global/local catalog for remotes, its period 5s 
2024-12-09 22:58:44.721 [pool-3-thread-1] INFO  com.rs.mv.mvvs.client.catalog.manager.U2CatalogManager - [client:400203]cache file auto update thread launch in 11.3 TinDog Project account
2024-12-09 22:58:44.721 [pool-3-thread-1] INFO  com.rs.mv.mvvs.client.catalog.from.config.DirsConfigReader - [client:400206]parse dir config information
2024-12-09 22:58:44.722 [pool-3-thread-1] INFO  com.rs.mv.mvvs.client.catalog.from.config.MappingConfigReader - [client:400207]parse mapping config information
2024-12-09 22:58:44.722 [pool-3-thread-1] INFO  com.rs.mv.mvvs.client.catalog.manager.U2CatalogManager - [client:400202]start a schedule task to get global/local catalog for 11.3 TinDog Project, its period 5s 
2024-12-09 22:58:44.724 [pool-3-thread-1] INFO  com.rs.mv.mvvs.client.catalog.manager.U2CatalogManager - [client:400203]cache file auto update thread launch in 5.3 CSS Selectors account
2024-12-09 22:58:44.725 [pool-3-thread-1] INFO  com.rs.mv.mvvs.client.catalog.from.config.DirsConfigReader - [client:400206]parse dir config information
2024-12-09 22:58:44.725 [pool-3-thread-1] INFO  com.rs.mv.mvvs.client.catalog.from.config.MappingConfigReader - [client:400207]parse mapping config information
2024-12-09 22:58:44.726 [pool-3-thread-1] INFO  com.rs.mv.mvvs.client.catalog.manager.U2CatalogManager - [client:400202]start a schedule task to get global/local catalog for 5.3 CSS Selectors, its period 5s 
2024-12-09 22:58:44.727 [pool-3-thread-1] INFO  com.rs.mv.mvvs.client.catalog.manager.U2CatalogManager - [client:400203]cache file auto update thread launch in 5.4 Color Vocabulary account
2024-12-09 22:58:44.728 [pool-3-thread-1] INFO  com.rs.mv.mvvs.client.catalog.from.config.DirsConfigReader - [client:400206]parse dir config information
2024-12-09 22:58:44.729 [pool-3-thread-1] INFO  com.rs.mv.mvvs.client.catalog.from.config.MappingConfigReader - [client:400207]parse mapping config information
2024-12-09 22:58:44.729 [pool-3-thread-1] INFO  com.rs.mv.mvvs.client.catalog.manager.U2CatalogManager - [client:400202]start a schedule task to get global/local catalog for 5.4 Color Vocabulary, its period 5s 
2024-12-09 22:58:44.730 [pool-3-thread-1] INFO  com.rs.mv.mvvs.client.catalog.manager.U2CatalogManager - [client:400203]cache file auto update thread launch in assets account
2024-12-09 22:58:44.731 [pool-3-thread-1] INFO  com.rs.mv.mvvs.client.catalog.from.config.DirsConfigReader - [client:400206]parse dir config information
2024-12-09 22:58:44.732 [pool-3-thread-1] INFO  com.rs.mv.mvvs.client.catalog.from.config.MappingConfigReader - [client:400207]parse mapping config information
2024-12-09 22:58:44.733 [pool-3-thread-1] INFO  com.rs.mv.mvvs.client.catalog.manager.U2CatalogManager - [client:400202]start a schedule task to get global/local catalog for assets, its period 5s 
2024-12-09 22:58:44.733 [pool-3-thread-1] INFO  com.rs.mv.mvvs.client.catalog.manager.U2CatalogManager - [client:400203]cache file auto update thread launch in solution account
2024-12-09 22:58:44.734 [pool-3-thread-1] INFO  com.rs.mv.mvvs.client.catalog.from.config.DirsConfigReader - [client:400206]parse dir config information
2024-12-09 22:58:44.735 [pool-3-thread-1] INFO  com.rs.mv.mvvs.client.catalog.from.config.MappingConfigReader - [client:400207]parse mapping config information
2024-12-09 22:58:44.735 [pool-3-thread-1] INFO  com.rs.mv.mvvs.client.catalog.manager.U2CatalogManager - [client:400202]start a schedule task to get global/local catalog for solution, its period 5s 
2024-12-09 22:58:44.736 [pool-3-thread-1] INFO  com.rs.mv.mvvs.client.catalog.manager.U2CatalogManager - [client:400203]cache file auto update thread launch in assets account
2024-12-09 22:58:44.737 [pool-3-thread-1] INFO  com.rs.mv.mvvs.client.catalog.from.config.DirsConfigReader - [client:400206]parse dir config information
2024-12-09 22:58:44.737 [pool-3-thread-1] INFO  com.rs.mv.mvvs.client.catalog.from.config.MappingConfigReader - [client:400207]parse mapping config information
2024-12-09 22:58:44.739 [pool-3-thread-1] INFO  com.rs.mv.mvvs.client.catalog.manager.U2CatalogManager - [client:400202]start a schedule task to get global/local catalog for assets, its period 5s 
2024-12-09 22:58:44.741 [pool-3-thread-1] INFO  com.rs.mv.mvvs.client.catalog.manager.U2CatalogManager - [client:400203]cache file auto update thread launch in 6.4 Motivation Meme Project account
2024-12-09 22:58:44.742 [pool-3-thread-1] INFO  com.rs.mv.mvvs.client.catalog.from.config.DirsConfigReader - [client:400206]parse dir config information
2024-12-09 22:58:44.743 [pool-3-thread-1] INFO  com.rs.mv.mvvs.client.catalog.from.config.MappingConfigReader - [client:400207]parse mapping config information
2024-12-09 22:58:44.744 [pool-3-thread-1] INFO  com.rs.mv.mvvs.client.catalog.manager.U2CatalogManager - [client:400202]start a schedule task to get global/local catalog for 6.4 Motivation Meme Project, its period 5s 
2024-12-09 22:58:44.746 [pool-3-thread-1] INFO  com.rs.mv.mvvs.client.catalog.manager.U2CatalogManager - [client:400203]cache file auto update thread launch in assets account
2024-12-09 22:58:44.747 [pool-3-thread-1] INFO  com.rs.mv.mvvs.client.catalog.from.config.DirsConfigReader - [client:400206]parse dir config information
2024-12-09 22:58:44.747 [pool-3-thread-1] INFO  com.rs.mv.mvvs.client.catalog.from.config.MappingConfigReader - [client:400207]parse mapping config information
2024-12-09 22:58:44.748 [pool-3-thread-1] INFO  com.rs.mv.mvvs.client.catalog.manager.U2CatalogManager - [client:400202]start a schedule task to get global/local catalog for assets, its period 5s 
2024-12-09 22:58:44.749 [pool-3-thread-1] INFO  com.rs.mv.mvvs.client.catalog.manager.U2CatalogManager - [client:400203]cache file auto update thread launch in solution account
2024-12-09 22:58:44.750 [pool-3-thread-1] INFO  com.rs.mv.mvvs.client.catalog.from.config.DirsConfigReader - [client:400206]parse dir config information
2024-12-09 22:58:44.750 [pool-3-thread-1] INFO  com.rs.mv.mvvs.client.catalog.from.config.MappingConfigReader - [client:400207]parse mapping config information
2024-12-09 22:58:44.751 [pool-3-thread-1] INFO  com.rs.mv.mvvs.client.catalog.manager.U2CatalogManager - [client:400202]start a schedule task to get global/local catalog for solution, its period 5s 
2024-12-09 22:58:44.752 [pool-3-thread-1] INFO  com.rs.mv.mvvs.client.catalog.manager.U2CatalogManager - [client:400203]cache file auto update thread launch in assets account
2024-12-09 22:58:44.752 [pool-3-thread-1] INFO  com.rs.mv.mvvs.client.catalog.from.config.DirsConfigReader - [client:400206]parse dir config information
2024-12-09 22:58:44.752 [pool-3-thread-1] INFO  com.rs.mv.mvvs.client.catalog.from.config.MappingConfigReader - [client:400207]parse mapping config information
2024-12-09 22:58:44.753 [pool-3-thread-1] INFO  com.rs.mv.mvvs.client.catalog.manager.U2CatalogManager - [client:400202]start a schedule task to get global/local catalog for assets, its period 5s 
2024-12-09 22:58:44.754 [pool-3-thread-1] INFO  com.rs.mv.mvvs.client.catalog.manager.U2CatalogManager - [client:400203]cache file auto update thread launch in 7.0 CSS Cascade account
2024-12-09 22:58:44.754 [pool-3-thread-1] INFO  com.rs.mv.mvvs.client.catalog.from.config.DirsConfigReader - [client:400206]parse dir config information
2024-12-09 22:58:44.755 [pool-3-thread-1] INFO  com.rs.mv.mvvs.client.catalog.from.config.MappingConfigReader - [client:400207]parse mapping config information
2024-12-09 22:58:44.755 [pool-3-thread-1] INFO  com.rs.mv.mvvs.client.catalog.manager.U2CatalogManager - [client:400202]start a schedule task to get global/local catalog for 7.0 CSS Cascade, its period 5s 
2024-12-09 22:58:44.756 [pool-3-thread-1] INFO  com.rs.mv.mvvs.client.catalog.manager.U2CatalogManager - [client:400203]cache file auto update thread launch in 8.4 Web Design Agency Project account
2024-12-09 22:58:44.757 [pool-3-thread-1] INFO  com.rs.mv.mvvs.client.catalog.from.config.DirsConfigReader - [client:400206]parse dir config information
2024-12-09 22:58:44.757 [pool-3-thread-1] INFO  com.rs.mv.mvvs.client.catalog.from.config.MappingConfigReader - [client:400207]parse mapping config information
2024-12-09 22:58:44.758 [pool-3-thread-1] INFO  com.rs.mv.mvvs.client.catalog.manager.U2CatalogManager - [client:400202]start a schedule task to get global/local catalog for 8.4 Web Design Agency Project, its period 5s 
2024-12-09 22:58:44.759 [pool-3-thread-1] INFO  com.rs.mv.mvvs.client.catalog.manager.U2CatalogManager - [client:400203]cache file auto update thread launch in assets account
2024-12-09 22:58:44.759 [pool-3-thread-1] INFO  com.rs.mv.mvvs.client.catalog.from.config.DirsConfigReader - [client:400206]parse dir config information
2024-12-09 22:58:44.761 [pool-3-thread-1] INFO  com.rs.mv.mvvs.client.catalog.from.config.MappingConfigReader - [client:400207]parse mapping config information
2024-12-09 22:58:44.762 [pool-3-thread-1] INFO  com.rs.mv.mvvs.client.catalog.manager.U2CatalogManager - [client:400202]start a schedule task to get global/local catalog for assets, its period 5s 
2024-12-09 22:58:44.764 [pool-3-thread-1] INFO  com.rs.mv.mvvs.client.catalog.manager.U2CatalogManager - [client:400203]cache file auto update thread launch in HTML - Portfolio account
2024-12-09 22:58:44.764 [pool-3-thread-1] INFO  com.rs.mv.mvvs.client.catalog.from.config.DirsConfigReader - [client:400206]parse dir config information
2024-12-09 22:58:44.765 [pool-3-thread-1] INFO  com.rs.mv.mvvs.client.catalog.from.config.MappingConfigReader - [client:400207]parse mapping config information
2024-12-09 22:58:44.765 [pool-3-thread-1] INFO  com.rs.mv.mvvs.client.catalog.manager.U2CatalogManager - [client:400202]start a schedule task to get global/local catalog for HTML - Portfolio, its period 5s 
2024-12-09 22:58:44.766 [pool-3-thread-1] INFO  com.rs.mv.mvvs.client.catalog.manager.U2CatalogManager - [client:400203]cache file auto update thread launch in assets account
2024-12-09 22:58:44.766 [pool-3-thread-1] INFO  com.rs.mv.mvvs.client.catalog.from.config.DirsConfigReader - [client:400206]parse dir config information
2024-12-09 22:58:44.766 [pool-3-thread-1] INFO  com.rs.mv.mvvs.client.catalog.from.config.MappingConfigReader - [client:400207]parse mapping config information
2024-12-09 22:58:44.767 [pool-3-thread-1] INFO  com.rs.mv.mvvs.client.catalog.manager.U2CatalogManager - [client:400202]start a schedule task to get global/local catalog for assets, its period 5s 
2024-12-09 22:58:44.769 [pool-3-thread-1] INFO  com.rs.mv.mvvs.rmv.documentation.BasicDocumentation - [framework:30020101]documentation load start
2024-12-09 22:58:44.770 [pool-3-thread-1] INFO  com.rs.mv.mvvs.rmv.documentation.reader.SystemDocReader - [framework:30020102]system documentation path: /documentation/UNIVERSE/
2024-12-09 22:58:44.770 [pool-3-thread-1] INFO  com.rs.mv.mvvs.rmv.documentation.reader.ProjectDocReader - [framework:30020103]project documentation brief file: custom.json
2024-12-09 22:58:44.771 [pool-3-thread-1] INFO  com.rs.mv.mvvs.rmv.documentation.reader.UserDocReader - [framework:30020104]user documentation brief file: C:\Users\castr\documentation\UNIVERSE\custom.json
2024-12-09 22:58:44.785 [pool-3-thread-1] INFO  com.rs.mv.mvvs.rmv.documentation.BasicDocumentation - [framework:30020105]documentation load end
2024-12-09 22:58:44.787 [pool-3-thread-1] INFO  com.rs.mv.mvvs.common.convertor.ConvertorManager - [framework:30030101]convertors for folder(*) load start
2024-12-09 22:58:44.788 [pool-3-thread-1] INFO  com.rs.mv.mvvs.common.convertor.ConvertorManager - [framework:30030102]comment convertor load finish
2024-12-09 22:58:44.792 [pool-3-thread-1] INFO  com.rs.mv.mvvs.common.convertor.ConvertorManager - [framework:30030103]keyword convertor load finish
2024-12-09 22:58:44.795 [pool-3-thread-1] INFO  com.rs.mv.mvvs.common.convertor.ConvertorManager - [framework:30030104]operator convertor load finish
2024-12-09 22:58:44.796 [pool-3-thread-1] INFO  com.rs.mv.mvvs.common.convertor.ConvertorManager - [framework:30030105]function name convertor load finish
2024-12-09 22:58:44.797 [pool-3-thread-1] INFO  com.rs.mv.mvvs.common.convertor.ConvertorManager - [framework:30030106]atVariable convertor load finish
2024-12-09 22:58:44.797 [pool-3-thread-1] INFO  com.rs.mv.mvvs.common.convertor.ConvertorManager - [framework:30030107]convertors for folder(*) load end
2024-12-09 22:58:44.797 [pool-3-thread-1] INFO  com.rs.mv.mvvs.client.catalog.manager.U2CatalogManager - [client:400203]cache file auto update thread launch in ... account
2024-12-09 22:58:44.798 [pool-3-thread-1] INFO  com.rs.mv.mvvs.client.catalog.from.config.DirsConfigReader - [client:400206]parse dir config information
2024-12-09 22:58:44.798 [pool-3-thread-1] INFO  com.rs.mv.mvvs.client.catalog.from.config.MappingConfigReader - [client:400207]parse mapping config information
2024-12-09 22:58:44.798 [pool-3-thread-1] INFO  com.rs.mv.mvvs.client.catalog.manager.U2CatalogManager - [client:400202]start a schedule task to get global/local catalog for ..., its period 5s 
2024-12-09 22:58:44.802 [pool-3-thread-1] INFO  com.rs.mv.mvvs.client.account.handler.ServerAccountHandler - [client:40010104]load server account: Account{name=refs, path=C:/Users/castr/OneDrive/Documentos/GitHub/html-portfolio/.git/logs/refs, type=PREDICT}
Account{name=solution, path=C:/Users/castr/OneDrive/Documentos/GitHub/html-portfolio/6.4 Motivation Meme Project/solution, type=PREDICT}
Account{name=solution, path=C:/Users/castr/OneDrive/Documentos/GitHub/html-portfolio/5.4 Color Vocabulary/solution, type=PREDICT}
Account{name=assets, path=C:/Users/castr/OneDrive/Documentos/GitHub/html-portfolio/5.4 Color Vocabulary/solution/assets, type=PREDICT}
Account{name=remotes, path=C:/Users/castr/OneDrive/Documentos/GitHub/html-portfolio/.git/logs/refs/remotes, type=PREDICT}
Account{name=logs, path=C:/Users/castr/OneDrive/Documentos/GitHub/html-portfolio/.git/logs, type=PREDICT}
Account{name=11.3 TinDog Project, path=C:/Users/castr/OneDrive/Documentos/GitHub/html-portfolio/11.3 TinDog Project, type=PREDICT}
Account{name=html-portfolio, path=C:/Users/castr/OneDrive/Documentos/GitHub/html-portfolio, type=PREDICT}
Account{name=5.4 Color Vocabulary, path=C:/Users/castr/OneDrive/Documentos/GitHub/html-portfolio/5.4 Color Vocabulary, type=PREDICT}
Account{name=objects, path=C:/Users/castr/OneDrive/Documentos/GitHub/html-portfolio/.git/objects, type=PREDICT}
Account{name=refs, path=C:/Users/castr/OneDrive/Documentos/GitHub/html-portfolio/.git/refs, type=PREDICT}
Account{name=5.3 CSS Selectors, path=C:/Users/castr/OneDrive/Documentos/GitHub/html-portfolio/5.3 CSS Selectors, type=PREDICT}
Account{name=HTML - Portfolio, path=C:/Users/castr/OneDrive/Documentos/GitHub/html-portfolio/HTML - Portfolio, type=PREDICT}
Account{name=assets, path=C:/Users/castr/OneDrive/Documentos/GitHub/html-portfolio/HTML - Portfolio/assets, type=PREDICT}
Account{name=6.4 Motivation Meme Project, path=C:/Users/castr/OneDrive/Documentos/GitHub/html-portfolio/6.4 Motivation Meme Project, type=PREDICT}
Account{name=assets, path=C:/Users/castr/OneDrive/Documentos/GitHub/html-portfolio/6.4 Motivation Meme Project/solution/assets, type=PREDICT}
Account{name=8.4 Web Design Agency Project, path=C:/Users/castr/OneDrive/Documentos/GitHub/html-portfolio/8.4 Web Design Agency Project, type=PREDICT}
Account{name=7.0 CSS Cascade, path=C:/Users/castr/OneDrive/Documentos/GitHub/html-portfolio/7.0 CSS Cascade, type=PREDICT}
Account{name=assets, path=C:/Users/castr/OneDrive/Documentos/GitHub/html-portfolio/8.4 Web Design Agency Project/assets, type=PREDICT}
Account{name=.git, path=C:/Users/castr/OneDrive/Documentos/GitHub/html-portfolio/.git, type=PREDICT}
Account{name=..., path=..., type=PREDICT}
2024-12-09 22:58:44.803 [pool-3-thread-1] INFO  com.rs.mv.mvvs.client.account.AccountManager - [client:40010105]load account manager finish
2024-12-09 22:58:44.804 [pool-3-thread-1] INFO  com.rs.mv.mvvs.instance.userspace.UserspaceManager - [framework:30010402]config file(C:\Users\castr/.rmv/config) watcher launch successful
2024-12-09 22:58:45.269 [pool-3-thread-1] INFO  com.rs.mv.mvvs.client.catalog.from.scan.CurrentPathScanner - [client:400205]scan file in current open file directory(C:/Users/castr/OneDrive/Documentos/GitHub/html-portfolio/2.1 Heading Element)
2024-12-09 23:01:47.509 [pool-3-thread-1] INFO  com.rs.mv.mvvs.client.catalog.from.scan.CurrentPathScanner - [client:400205]scan file in current open file directory(C:/Users/castr/OneDrive/Documentos/GitHub/html-portfolio/3.0 List Elements)
2024-12-09 23:01:56.674 [pool-3-thread-1] INFO  com.rs.mv.mvvs.client.catalog.from.scan.CurrentPathScanner - [client:400205]scan file in current open file directory(C:/Users/castr/OneDrive/Documentos/GitHub/html-portfolio/5.3 CSS Selectors)
2024-12-09 23:02:08.790 [pool-3-thread-1] INFO  com.rs.mv.mvvs.client.catalog.from.scan.CurrentPathScanner - [client:400205]scan file in current open file directory(C:/Users/castr/OneDrive/Documentos/GitHub/html-portfolio/6.1 Font Properties)
2024-12-09 23:02:20.013 [pool-3-thread-1] INFO  com.rs.mv.mvvs.client.catalog.from.scan.CurrentPathScanner - [client:400205]scan file in current open file directory(C:/Users/castr/OneDrive/Documentos/GitHub/html-portfolio/11.2 Bootstrap Components)
2024-12-09 23:04:30.138 [main] WARN  com.rs.mv.mvvs.Startup - [LSP:100104]ROCKET MV BASIC EXTENSION exited
